g:\baiduyundownload\mymainui\mainui\debug\mainui.pch
g:\baiduyundownload\mymainui\mainui\debug\vc140.pdb
g:\baiduyundownload\mymainui\mainui\debug\vc140.idb
g:\baiduyundownload\mymainui\mainui\debug\stdafx.obj
g:\baiduyundownload\mymainui\mainui\debug\binary_node.obj
g:\baiduyundownload\mymainui\mainui\debug\linkedlist.obj
g:\baiduyundownload\mymainui\mainui\debug\locationgraph.obj
g:\baiduyundownload\mymainui\mainui\debug\node.obj
g:\baiduyundownload\mymainui\mainui\debug\pdfjpeg.obj
g:\baiduyundownload\mymainui\mainui\debug\picinfolist.obj
g:\baiduyundownload\mymainui\mainui\debug\picrecord.obj
g:\baiduyundownload\mymainui\mainui\debug\search_tree.obj
g:\baiduyundownload\mymainui\mainui\debug\footmarkdlg.obj
g:\baiduyundownload\mymainui\mainui\debug\ftmarkchinadlg.obj
g:\baiduyundownload\mymainui\mainui\debug\graph.obj
g:\baiduyundownload\mymainui\mainui\debug\graphlegend.obj
g:\baiduyundownload\mymainui\mainui\debug\graphseries.obj
g:\baiduyundownload\mymainui\mainui\debug\insertdlg.obj
g:\baiduyundownload\mymainui\mainui\debug\mainui.obj
g:\baiduyundownload\mymainui\mainui\debug\mainuidlg.obj
g:\baiduyundownload\mymainui\mainui\debug\picexplorerdlg.obj
g:\baiduyundownload\mymainui\mainui\debug\replacedlg.obj
g:\baiduyundownload\mymainui\mainui\debug\searchbyloc.obj
g:\baiduyundownload\mymainui\mainui\debug\searchdlg.obj
g:\baiduyundownload\mymainui\mainui\debug\selectiondlg.obj
g:\baiduyundownload\mymainui\mainui\debug\timetestdlg.obj
g:\baiduyundownload\mymainui\mainui\debug\mainui.ilk
g:\baiduyundownload\mymainui\mainui\debug\mainui.exe
g:\baiduyundownload\mymainui\mainui\debug\mainui.pdb
g:\baiduyundownload\mymainui\mainui\debug\mainui.res
g:\baiduyundownload\mymainui\mainui\debug\vc120.idb
g:\baiduyundownload\mymainui\mainui\debug\vc120.pdb
g:\baiduyundownload\mymainui\mainui\debug\mainui.tlog\cl.command.1.tlog
g:\baiduyundownload\mymainui\mainui\debug\mainui.tlog\cl.read.1.tlog
g:\baiduyundownload\mymainui\mainui\debug\mainui.tlog\cl.write.1.tlog
g:\baiduyundownload\mymainui\mainui\debug\mainui.tlog\link.command.1.tlog
g:\baiduyundownload\mymainui\mainui\debug\mainui.tlog\link.read.1.tlog
g:\baiduyundownload\mymainui\mainui\debug\mainui.tlog\link.write.1.tlog
g:\baiduyundownload\mymainui\mainui\debug\mainui.tlog\rc.command.1.tlog
g:\baiduyundownload\mymainui\mainui\debug\mainui.tlog\rc.read.1.tlog
g:\baiduyundownload\mymainui\mainui\debug\mainui.tlog\rc.write.1.tlog
